running egg_info
creating build/turtlebot_sim/turtlebot_sim.egg-info
writing build/turtlebot_sim/turtlebot_sim.egg-info/PKG-INFO
writing dependency_links to build/turtlebot_sim/turtlebot_sim.egg-info/dependency_links.txt
writing entry points to build/turtlebot_sim/turtlebot_sim.egg-info/entry_points.txt
writing requirements to build/turtlebot_sim/turtlebot_sim.egg-info/requires.txt
writing top-level names to build/turtlebot_sim/turtlebot_sim.egg-info/top_level.txt
writing manifest file 'build/turtlebot_sim/turtlebot_sim.egg-info/SOURCES.txt'
reading manifest file 'build/turtlebot_sim/turtlebot_sim.egg-info/SOURCES.txt'
adding license file 'LICENSE'
writing manifest file 'build/turtlebot_sim/turtlebot_sim.egg-info/SOURCES.txt'
running build
running build_py
creating /mounted_volume/ros2_ws/src/turtlebot_sim/build/turtlebot_sim/build
creating /mounted_volume/ros2_ws/src/turtlebot_sim/build/turtlebot_sim/build/lib
creating /mounted_volume/ros2_ws/src/turtlebot_sim/build/turtlebot_sim/build/lib/turtlebot_sim
copying turtlebot_sim/__init__.py -> /mounted_volume/ros2_ws/src/turtlebot_sim/build/turtlebot_sim/build/lib/turtlebot_sim
copying turtlebot_sim/turtle.py -> /mounted_volume/ros2_ws/src/turtlebot_sim/build/turtlebot_sim/build/lib/turtlebot_sim
running install
running install_lib
creating /mounted_volume/ros2_ws/src/turtlebot_sim/install/turtlebot_sim/lib/python3.10/site-packages/turtlebot_sim
copying /mounted_volume/ros2_ws/src/turtlebot_sim/build/turtlebot_sim/build/lib/turtlebot_sim/__init__.py -> /mounted_volume/ros2_ws/src/turtlebot_sim/install/turtlebot_sim/lib/python3.10/site-packages/turtlebot_sim
copying /mounted_volume/ros2_ws/src/turtlebot_sim/build/turtlebot_sim/build/lib/turtlebot_sim/turtle.py -> /mounted_volume/ros2_ws/src/turtlebot_sim/install/turtlebot_sim/lib/python3.10/site-packages/turtlebot_sim
byte-compiling /mounted_volume/ros2_ws/src/turtlebot_sim/install/turtlebot_sim/lib/python3.10/site-packages/turtlebot_sim/__init__.py to __init__.cpython-310.pyc
byte-compiling /mounted_volume/ros2_ws/src/turtlebot_sim/install/turtlebot_sim/lib/python3.10/site-packages/turtlebot_sim/turtle.py to turtle.cpython-310.pyc
running install_data
creating /mounted_volume/ros2_ws/src/turtlebot_sim/install/turtlebot_sim/share/ament_index
creating /mounted_volume/ros2_ws/src/turtlebot_sim/install/turtlebot_sim/share/ament_index/resource_index
creating /mounted_volume/ros2_ws/src/turtlebot_sim/install/turtlebot_sim/share/ament_index/resource_index/packages
copying resource/turtlebot_sim -> /mounted_volume/ros2_ws/src/turtlebot_sim/install/turtlebot_sim/share/ament_index/resource_index/packages
copying package.xml -> /mounted_volume/ros2_ws/src/turtlebot_sim/install/turtlebot_sim/share/turtlebot_sim
running install_egg_info
Copying build/turtlebot_sim/turtlebot_sim.egg-info to /mounted_volume/ros2_ws/src/turtlebot_sim/install/turtlebot_sim/lib/python3.10/site-packages/turtlebot_sim-0.0.0-py3.10.egg-info
running install_scripts
Installing teleport script to /mounted_volume/ros2_ws/src/turtlebot_sim/install/turtlebot_sim/lib/turtlebot_sim
writing list of installed files to '/mounted_volume/ros2_ws/src/turtlebot_sim/build/turtlebot_sim/install.log'
