[0.585s] Invoking command in '/mounted_volume/ros2_ws/src/turtlebot_sim': PYTHONPATH=/mounted_volume/ros2_ws/src/turtlebot_sim/build/turtlebot_sim/prefix_override:/usr/lib/python3/dist-packages/colcon_core/task/python/colcon_distutils_commands:/mounted_volume/ros2_ws/src/turtlebot_sim/install/turtlebot_sim/lib/python3.10/site-packages:${PYTHONPATH} /usr/bin/python3 -W ignore:setup.py install is deprecated setup.py egg_info --egg-base build/turtlebot_sim build --build-base /mounted_volume/ros2_ws/src/turtlebot_sim/build/turtlebot_sim/build install --record /mounted_volume/ros2_ws/src/turtlebot_sim/build/turtlebot_sim/install.log --single-version-externally-managed install_data
[0.792s] running egg_info
[0.794s] creating build/turtlebot_sim/turtlebot_sim.egg-info
[0.794s] writing build/turtlebot_sim/turtlebot_sim.egg-info/PKG-INFO
[0.794s] writing dependency_links to build/turtlebot_sim/turtlebot_sim.egg-info/dependency_links.txt
[0.794s] writing entry points to build/turtlebot_sim/turtlebot_sim.egg-info/entry_points.txt
[0.794s] writing requirements to build/turtlebot_sim/turtlebot_sim.egg-info/requires.txt
[0.794s] writing top-level names to build/turtlebot_sim/turtlebot_sim.egg-info/top_level.txt
[0.794s] writing manifest file 'build/turtlebot_sim/turtlebot_sim.egg-info/SOURCES.txt'
[0.795s] reading manifest file 'build/turtlebot_sim/turtlebot_sim.egg-info/SOURCES.txt'
[0.796s] adding license file 'LICENSE'
[0.796s] writing manifest file 'build/turtlebot_sim/turtlebot_sim.egg-info/SOURCES.txt'
[0.796s] running build
[0.796s] running build_py
[0.796s] creating /mounted_volume/ros2_ws/src/turtlebot_sim/build/turtlebot_sim/build
[0.796s] creating /mounted_volume/ros2_ws/src/turtlebot_sim/build/turtlebot_sim/build/lib
[0.796s] creating /mounted_volume/ros2_ws/src/turtlebot_sim/build/turtlebot_sim/build/lib/turtlebot_sim
[0.796s] copying turtlebot_sim/__init__.py -> /mounted_volume/ros2_ws/src/turtlebot_sim/build/turtlebot_sim/build/lib/turtlebot_sim
[0.796s] copying turtlebot_sim/turtle.py -> /mounted_volume/ros2_ws/src/turtlebot_sim/build/turtlebot_sim/build/lib/turtlebot_sim
[0.796s] running install
[0.797s] running install_lib
[0.798s] creating /mounted_volume/ros2_ws/src/turtlebot_sim/install/turtlebot_sim/lib/python3.10/site-packages/turtlebot_sim
[0.798s] copying /mounted_volume/ros2_ws/src/turtlebot_sim/build/turtlebot_sim/build/lib/turtlebot_sim/__init__.py -> /mounted_volume/ros2_ws/src/turtlebot_sim/install/turtlebot_sim/lib/python3.10/site-packages/turtlebot_sim
[0.798s] copying /mounted_volume/ros2_ws/src/turtlebot_sim/build/turtlebot_sim/build/lib/turtlebot_sim/turtle.py -> /mounted_volume/ros2_ws/src/turtlebot_sim/install/turtlebot_sim/lib/python3.10/site-packages/turtlebot_sim
[0.799s] byte-compiling /mounted_volume/ros2_ws/src/turtlebot_sim/install/turtlebot_sim/lib/python3.10/site-packages/turtlebot_sim/__init__.py to __init__.cpython-310.pyc
[0.799s] byte-compiling /mounted_volume/ros2_ws/src/turtlebot_sim/install/turtlebot_sim/lib/python3.10/site-packages/turtlebot_sim/turtle.py to turtle.cpython-310.pyc
[0.799s] running install_data
[0.799s] creating /mounted_volume/ros2_ws/src/turtlebot_sim/install/turtlebot_sim/share/ament_index
[0.799s] creating /mounted_volume/ros2_ws/src/turtlebot_sim/install/turtlebot_sim/share/ament_index/resource_index
[0.799s] creating /mounted_volume/ros2_ws/src/turtlebot_sim/install/turtlebot_sim/share/ament_index/resource_index/packages
[0.799s] copying resource/turtlebot_sim -> /mounted_volume/ros2_ws/src/turtlebot_sim/install/turtlebot_sim/share/ament_index/resource_index/packages
[0.799s] copying package.xml -> /mounted_volume/ros2_ws/src/turtlebot_sim/install/turtlebot_sim/share/turtlebot_sim
[0.799s] running install_egg_info
[0.802s] Copying build/turtlebot_sim/turtlebot_sim.egg-info to /mounted_volume/ros2_ws/src/turtlebot_sim/install/turtlebot_sim/lib/python3.10/site-packages/turtlebot_sim-0.0.0-py3.10.egg-info
[0.802s] running install_scripts
[0.820s] Installing teleport script to /mounted_volume/ros2_ws/src/turtlebot_sim/install/turtlebot_sim/lib/turtlebot_sim
[0.821s] writing list of installed files to '/mounted_volume/ros2_ws/src/turtlebot_sim/build/turtlebot_sim/install.log'
[0.844s] Invoked command in '/mounted_volume/ros2_ws/src/turtlebot_sim' returned '0': PYTHONPATH=/mounted_volume/ros2_ws/src/turtlebot_sim/build/turtlebot_sim/prefix_override:/usr/lib/python3/dist-packages/colcon_core/task/python/colcon_distutils_commands:/mounted_volume/ros2_ws/src/turtlebot_sim/install/turtlebot_sim/lib/python3.10/site-packages:${PYTHONPATH} /usr/bin/python3 -W ignore:setup.py install is deprecated setup.py egg_info --egg-base build/turtlebot_sim build --build-base /mounted_volume/ros2_ws/src/turtlebot_sim/build/turtlebot_sim/build install --record /mounted_volume/ros2_ws/src/turtlebot_sim/build/turtlebot_sim/install.log --single-version-externally-managed install_data
