[0.101s] DEBUG:colcon:Command line arguments: ['/usr/bin/colcon', 'build']
[0.101s] DEBUG:colcon:Parsed command line arguments: Namespace(log_base=None, log_level=None, verb_name='build', build_base='build', install_base='install', merge_install=False, symlink_install=False, test_result_base=None, continue_on_error=False, executor='parallel', parallel_workers=4, event_handlers=None, ignore_user_meta=False, metas=['./colcon.meta'], base_paths=['.'], packages_ignore=None, packages_ignore_regex=None, paths=None, packages_up_to=None, packages_up_to_regex=None, packages_above=None, packages_above_and_dependencies=None, packages_above_depth=None, packages_select_by_dep=None, packages_skip_by_dep=None, packages_skip_up_to=None, packages_select_build_failed=False, packages_skip_build_finished=False, packages_select_test_failures=False, packages_skip_test_passed=False, packages_select=None, packages_skip=None, packages_select_regex=None, packages_skip_regex=None, packages_start=None, packages_end=None, allow_overriding=[], cmake_args=None, cmake_target=None, cmake_target_skip_unavailable=False, cmake_clean_cache=False, cmake_clean_first=False, cmake_force_configure=False, ament_cmake_args=None, catkin_cmake_args=None, catkin_skip_building_tests=False, verb_parser=<colcon_defaults.argument_parser.defaults.DefaultArgumentsDecorator object at 0x7ff9c2dc3fd0>, verb_extension=<colcon_core.verb.build.BuildVerb object at 0x7ff9c2f0cbb0>, main=<bound method BuildVerb.main of <colcon_core.verb.build.BuildVerb object at 0x7ff9c2f0cbb0>>)
[0.241s] Level 1:colcon.colcon_core.package_discovery:discover_packages(colcon_meta) check parameters
[0.241s] Level 1:colcon.colcon_core.package_discovery:discover_packages(recursive) check parameters
[0.241s] Level 1:colcon.colcon_core.package_discovery:discover_packages(ignore) check parameters
[0.241s] Level 1:colcon.colcon_core.package_discovery:discover_packages(path) check parameters
[0.241s] Level 1:colcon.colcon_core.package_discovery:discover_packages(colcon_meta) discover
[0.241s] Level 1:colcon.colcon_core.package_discovery:discover_packages(recursive) discover
[0.241s] INFO:colcon.colcon_core.package_discovery:Crawling recursively for packages in '/mounted_volume/ros2_ws/src/turtlebot_sim'
[0.241s] Level 1:colcon.colcon_core.package_identification:_identify(.) by extensions ['ignore', 'ignore_ament_install']
[0.241s] Level 1:colcon.colcon_core.package_identification:_identify(.) by extension 'ignore'
[0.241s] Level 1:colcon.colcon_core.package_identification:_identify(.) by extension 'ignore_ament_install'
[0.241s] Level 1:colcon.colcon_core.package_identification:_identify(.) by extensions ['colcon_pkg']
[0.241s] Level 1:colcon.colcon_core.package_identification:_identify(.) by extension 'colcon_pkg'
[0.241s] Level 1:colcon.colcon_core.package_identification:_identify(.) by extensions ['colcon_meta']
[0.242s] Level 1:colcon.colcon_core.package_identification:_identify(.) by extension 'colcon_meta'
[0.242s] Level 1:colcon.colcon_core.package_identification:_identify(.) by extensions ['ros']
[0.242s] Level 1:colcon.colcon_core.package_identification:_identify(.) by extension 'ros'
[0.257s] DEBUG:colcon.colcon_core.package_identification:Package '.' with type 'ros.ament_python' and name 'turtlebot_sim'
[0.257s] Level 1:colcon.colcon_core.package_discovery:discover_packages(recursive) using defaults
[0.257s] Level 1:colcon.colcon_core.package_discovery:discover_packages(ignore) discover
[0.257s] Level 1:colcon.colcon_core.package_discovery:discover_packages(ignore) using defaults
[0.257s] Level 1:colcon.colcon_core.package_discovery:discover_packages(path) discover
[0.257s] Level 1:colcon.colcon_core.package_discovery:discover_packages(path) using defaults
[0.275s] Level 1:colcon.colcon_core.package_discovery:discover_packages(prefix_path) check parameters
[0.275s] Level 1:colcon.colcon_core.package_discovery:discover_packages(prefix_path) discover
[0.279s] DEBUG:colcon.colcon_installed_package_information.package_discovery:Found 407 installed packages in /opt/ros/humble
[0.280s] Level 1:colcon.colcon_core.package_discovery:discover_packages(prefix_path) using defaults
[0.334s] Level 5:colcon.colcon_core.verb:set package 'turtlebot_sim' build argument 'cmake_args' from command line to 'None'
[0.334s] Level 5:colcon.colcon_core.verb:set package 'turtlebot_sim' build argument 'cmake_target' from command line to 'None'
[0.334s] Level 5:colcon.colcon_core.verb:set package 'turtlebot_sim' build argument 'cmake_target_skip_unavailable' from command line to 'False'
[0.334s] Level 5:colcon.colcon_core.verb:set package 'turtlebot_sim' build argument 'cmake_clean_cache' from command line to 'False'
[0.334s] Level 5:colcon.colcon_core.verb:set package 'turtlebot_sim' build argument 'cmake_clean_first' from command line to 'False'
[0.334s] Level 5:colcon.colcon_core.verb:set package 'turtlebot_sim' build argument 'cmake_force_configure' from command line to 'False'
[0.334s] Level 5:colcon.colcon_core.verb:set package 'turtlebot_sim' build argument 'ament_cmake_args' from command line to 'None'
[0.334s] Level 5:colcon.colcon_core.verb:set package 'turtlebot_sim' build argument 'catkin_cmake_args' from command line to 'None'
[0.334s] Level 5:colcon.colcon_core.verb:set package 'turtlebot_sim' build argument 'catkin_skip_building_tests' from command line to 'False'
[0.334s] DEBUG:colcon.colcon_core.verb:Building package 'turtlebot_sim' with the following arguments: {'ament_cmake_args': None, 'build_base': '/mounted_volume/ros2_ws/src/turtlebot_sim/build/turtlebot_sim', 'catkin_cmake_args': None, 'catkin_skip_building_tests': False, 'cmake_args': None, 'cmake_clean_cache': False, 'cmake_clean_first': False, 'cmake_force_configure': False, 'cmake_target': None, 'cmake_target_skip_unavailable': False, 'install_base': '/mounted_volume/ros2_ws/src/turtlebot_sim/install/turtlebot_sim', 'merge_install': False, 'path': '/mounted_volume/ros2_ws/src/turtlebot_sim', 'symlink_install': False, 'test_result_base': None}
[0.334s] INFO:colcon.colcon_core.executor:Executing jobs using 'parallel' executor
[0.335s] DEBUG:colcon.colcon_parallel_executor.executor.parallel:run_until_complete
[0.335s] INFO:colcon.colcon_ros.task.ament_python.build:Building ROS package in '/mounted_volume/ros2_ws/src/turtlebot_sim' with build type 'ament_python'
[0.336s] Level 1:colcon.colcon_core.shell:create_environment_hook('turtlebot_sim', 'ament_prefix_path')
[0.337s] INFO:colcon.colcon_core.plugin_system:Skipping extension 'colcon_core.shell.bat': Not used on non-Windows systems
[0.337s] INFO:colcon.colcon_core.shell:Creating environment hook '/mounted_volume/ros2_ws/src/turtlebot_sim/install/turtlebot_sim/share/turtlebot_sim/hook/ament_prefix_path.ps1'
[0.338s] INFO:colcon.colcon_core.shell:Creating environment descriptor '/mounted_volume/ros2_ws/src/turtlebot_sim/install/turtlebot_sim/share/turtlebot_sim/hook/ament_prefix_path.dsv'
[0.339s] INFO:colcon.colcon_core.shell:Creating environment hook '/mounted_volume/ros2_ws/src/turtlebot_sim/install/turtlebot_sim/share/turtlebot_sim/hook/ament_prefix_path.sh'
[0.339s] INFO:colcon.colcon_core.shell:Skip shell extension 'powershell' for command environment: Not usable outside of PowerShell
[0.339s] DEBUG:colcon.colcon_core.shell:Skip shell extension 'dsv' for command environment
[0.603s] INFO:colcon.colcon_core.task.python.build:Building Python package in '/mounted_volume/ros2_ws/src/turtlebot_sim'
[0.603s] INFO:colcon.colcon_core.shell:Skip shell extension 'powershell' for command environment: Not usable outside of PowerShell
[0.603s] DEBUG:colcon.colcon_core.shell:Skip shell extension 'dsv' for command environment
[0.920s] DEBUG:colcon.colcon_core.event_handler.log_command:Invoking command in '/mounted_volume/ros2_ws/src/turtlebot_sim': PYTHONPATH=/mounted_volume/ros2_ws/src/turtlebot_sim/build/turtlebot_sim/prefix_override:/usr/lib/python3/dist-packages/colcon_core/task/python/colcon_distutils_commands:/mounted_volume/ros2_ws/src/turtlebot_sim/install/turtlebot_sim/lib/python3.10/site-packages:${PYTHONPATH} /usr/bin/python3 -W ignore:setup.py install is deprecated setup.py egg_info --egg-base build/turtlebot_sim build --build-base /mounted_volume/ros2_ws/src/turtlebot_sim/build/turtlebot_sim/build install --record /mounted_volume/ros2_ws/src/turtlebot_sim/build/turtlebot_sim/install.log --single-version-externally-managed install_data
[1.180s] DEBUG:colcon.colcon_core.event_handler.log_command:Invoked command in '/mounted_volume/ros2_ws/src/turtlebot_sim' returned '0': PYTHONPATH=/mounted_volume/ros2_ws/src/turtlebot_sim/build/turtlebot_sim/prefix_override:/usr/lib/python3/dist-packages/colcon_core/task/python/colcon_distutils_commands:/mounted_volume/ros2_ws/src/turtlebot_sim/install/turtlebot_sim/lib/python3.10/site-packages:${PYTHONPATH} /usr/bin/python3 -W ignore:setup.py install is deprecated setup.py egg_info --egg-base build/turtlebot_sim build --build-base /mounted_volume/ros2_ws/src/turtlebot_sim/build/turtlebot_sim/build install --record /mounted_volume/ros2_ws/src/turtlebot_sim/build/turtlebot_sim/install.log --single-version-externally-managed install_data
[1.182s] Level 1:colcon.colcon_core.environment:checking '/mounted_volume/ros2_ws/src/turtlebot_sim/install/turtlebot_sim' for CMake module files
[1.182s] Level 1:colcon.colcon_core.environment:checking '/mounted_volume/ros2_ws/src/turtlebot_sim/install/turtlebot_sim' for CMake config files
[1.183s] Level 1:colcon.colcon_core.environment:checking '/mounted_volume/ros2_ws/src/turtlebot_sim/install/turtlebot_sim/lib'
[1.183s] Level 1:colcon.colcon_core.environment:checking '/mounted_volume/ros2_ws/src/turtlebot_sim/install/turtlebot_sim/bin'
[1.183s] Level 1:colcon.colcon_core.environment:checking '/mounted_volume/ros2_ws/src/turtlebot_sim/install/turtlebot_sim/lib/pkgconfig/turtlebot_sim.pc'
[1.183s] Level 1:colcon.colcon_core.environment:checking '/mounted_volume/ros2_ws/src/turtlebot_sim/install/turtlebot_sim/lib/python3.10/site-packages'
[1.183s] Level 1:colcon.colcon_core.shell:create_environment_hook('turtlebot_sim', 'pythonpath')
[1.183s] INFO:colcon.colcon_core.shell:Creating environment hook '/mounted_volume/ros2_ws/src/turtlebot_sim/install/turtlebot_sim/share/turtlebot_sim/hook/pythonpath.ps1'
[1.183s] INFO:colcon.colcon_core.shell:Creating environment descriptor '/mounted_volume/ros2_ws/src/turtlebot_sim/install/turtlebot_sim/share/turtlebot_sim/hook/pythonpath.dsv'
[1.184s] INFO:colcon.colcon_core.shell:Creating environment hook '/mounted_volume/ros2_ws/src/turtlebot_sim/install/turtlebot_sim/share/turtlebot_sim/hook/pythonpath.sh'
[1.184s] Level 1:colcon.colcon_core.environment:checking '/mounted_volume/ros2_ws/src/turtlebot_sim/install/turtlebot_sim/bin'
[1.184s] Level 1:colcon.colcon_core.environment:create_environment_scripts_only(turtlebot_sim)
[1.185s] INFO:colcon.colcon_core.shell:Creating package script '/mounted_volume/ros2_ws/src/turtlebot_sim/install/turtlebot_sim/share/turtlebot_sim/package.ps1'
[1.185s] INFO:colcon.colcon_core.shell:Creating package descriptor '/mounted_volume/ros2_ws/src/turtlebot_sim/install/turtlebot_sim/share/turtlebot_sim/package.dsv'
[1.186s] INFO:colcon.colcon_core.shell:Creating package script '/mounted_volume/ros2_ws/src/turtlebot_sim/install/turtlebot_sim/share/turtlebot_sim/package.sh'
[1.186s] INFO:colcon.colcon_core.shell:Creating package script '/mounted_volume/ros2_ws/src/turtlebot_sim/install/turtlebot_sim/share/turtlebot_sim/package.bash'
[1.187s] INFO:colcon.colcon_core.shell:Creating package script '/mounted_volume/ros2_ws/src/turtlebot_sim/install/turtlebot_sim/share/turtlebot_sim/package.zsh'
[1.187s] Level 1:colcon.colcon_core.environment:create_file_with_runtime_dependencies(/mounted_volume/ros2_ws/src/turtlebot_sim/install/turtlebot_sim/share/colcon-core/packages/turtlebot_sim)
[1.187s] DEBUG:colcon.colcon_parallel_executor.executor.parallel:closing loop
[1.188s] DEBUG:colcon.colcon_parallel_executor.executor.parallel:loop closed
[1.188s] DEBUG:colcon.colcon_parallel_executor.executor.parallel:run_until_complete finished with '0'
[1.188s] DEBUG:colcon.colcon_core.event_reactor:joining thread
[1.198s] INFO:colcon.colcon_core.plugin_system:Skipping extension 'colcon_notification.desktop_notification.notify_send': Could not find 'notify-send'
[1.198s] INFO:colcon.colcon_core.plugin_system:Skipping extension 'colcon_notification.desktop_notification.terminal_notifier': Not used on non-Darwin systems
[1.198s] INFO:colcon.colcon_core.plugin_system:Skipping extension 'colcon_notification.desktop_notification.win32': Not used on non-Windows systems
[1.198s] INFO:colcon.colcon_notification.desktop_notification:Sending desktop notification using 'notify2'
[1.300s] DEBUG:colcon.colcon_core.event_reactor:joined thread
[1.300s] INFO:colcon.colcon_core.shell:Creating prefix script '/mounted_volume/ros2_ws/src/turtlebot_sim/install/local_setup.ps1'
[1.301s] INFO:colcon.colcon_core.shell:Creating prefix util module '/mounted_volume/ros2_ws/src/turtlebot_sim/install/_local_setup_util_ps1.py'
[1.302s] INFO:colcon.colcon_core.shell:Creating prefix chain script '/mounted_volume/ros2_ws/src/turtlebot_sim/install/setup.ps1'
[1.303s] INFO:colcon.colcon_core.shell:Creating prefix script '/mounted_volume/ros2_ws/src/turtlebot_sim/install/local_setup.sh'
[1.303s] INFO:colcon.colcon_core.shell:Creating prefix util module '/mounted_volume/ros2_ws/src/turtlebot_sim/install/_local_setup_util_sh.py'
[1.304s] INFO:colcon.colcon_core.shell:Creating prefix chain script '/mounted_volume/ros2_ws/src/turtlebot_sim/install/setup.sh'
[1.304s] INFO:colcon.colcon_core.shell:Creating prefix script '/mounted_volume/ros2_ws/src/turtlebot_sim/install/local_setup.bash'
[1.305s] INFO:colcon.colcon_core.shell:Creating prefix chain script '/mounted_volume/ros2_ws/src/turtlebot_sim/install/setup.bash'
[1.305s] INFO:colcon.colcon_core.shell:Creating prefix script '/mounted_volume/ros2_ws/src/turtlebot_sim/install/local_setup.zsh'
[1.306s] INFO:colcon.colcon_core.shell:Creating prefix chain script '/mounted_volume/ros2_ws/src/turtlebot_sim/install/setup.zsh'
